[35m[Appium][39m Welcome to Appium v2.5.4
[35m[Appium][39m Non-default server args:
[35m[Appium][39m { basePath: [32m'/wd/hub'[39m, loglevel: [32m'info'[39m, port: [33m12568[39m }
[35m[Appium][39m Attempting to load driver uiautomator2...
[35m[Appium][39m Attempting to load driver flutter...
[35m[Appium][39m Appium REST http interface listener started on http://0.0.0.0:12568/wd/hub
[35m[Appium][39m You can provide the following URLs in your client code to connect to this server:
[35m[Appium][39m 	http://172.18.112.1:12568/wd/hub
[35m[Appium][39m 	http://192.168.1.5:12568/wd/hub
[35m[Appium][39m 	http://127.0.0.1:12568/wd/hub (only accessible from the same host)
[35m[Appium][39m Available drivers:
[35m[Appium][39m   - uiautomator2@3.5.2 (automationName 'UiAutomator2')
[35m[Appium][39m   - flutter@2.6.0 (automationName 'Flutter')
[35m[Appium][39m No plugins have been installed. Use the "appium plugin" command to install the one(s) you want to use.
[38;5;0m[HTTP][0m [37m-->[39m [37mGET[39m [37m/wd/hub/status[39m
[38;5;0m[HTTP][0m [90m{}[39m
[38;5;0m[HTTP][0m [37m<-- GET /wd/hub/status [39m[32m200[39m [90m20 ms - 110[39m
[38;5;0m[HTTP][0m [90m[39m
[38;5;0m[HTTP][0m [37m-->[39m [37mGET[39m [37m/wd/hub/status[39m
[38;5;0m[HTTP][0m [90m{}[39m
[38;5;0m[HTTP][0m [37m<-- GET /wd/hub/status [39m[32m200[39m [90m4 ms - 110[39m
[38;5;0m[HTTP][0m [90m[39m
[38;5;0m[HTTP][0m [37m-->[39m [37mPOST[39m [37m/wd/hub/session[39m
[38;5;0m[HTTP][0m [90m{"desiredCapabilities":{"appium:systemPort":12637,"appium:newCommandTimeout":1800,"appium:automationName":"uiautomator2","appium:fullReset":false,"appium:platformVersion":"8.1.0","appium:deviceId":"","appium:noReset":true,"appium:udid":"YH8LLJTCQ4R4PVBQ","appium:autoGrantPermissions":true,"appium:platformName":"ANDROID","appium:deviceName":"vivo vivo 1820 (Android 8.1.0)","platformName":"Android","appium:app":"D:\\Code\\Apps\\final_project\\build\\app\\outputs\\flutter-apk\\app-release.apk"},"capabilities":{"firstMatch":[{"appium:app":"D:\\Code\\Apps\\final_project\\build\\app\\outputs\\flutter-apk\\app-release.apk","appium:autoGrantPermissions":true,"appium:automationName":"uiautomator2","appium:deviceId":"","appium:deviceName":"vivo vivo 1820 (Android 8.1.0)","appium:fullReset":false,"appium:newCommandTimeout":1800,"appium:noReset":true,"appium:platformName":"ANDROID","appium:platformVersion":"8.1.0","appium:systemPort":12637,"appium:udid":"YH8LLJTCQ4R4PVBQ","platformName":"android"}]}}[39m
[38;5;32m[BaseDriver][0m Ignoring capability 'appium:platformName=ANDROID' and using capability 'platformName=android'
[38;5;32m[BaseDriver][0m The capabilities ["platformName"] are standard capabilities and do not require "appium:" prefix
[35m[Appium][39m Attempting to find matching driver for automationName 'uiautomator2' and platformName 'android'
[35m[Appium][39m The 'uiautomator2' driver was installed and matched caps.
[35m[Appium][39m Will require it at C:\Users\dofan\.appium\node_modules\appium-uiautomator2-driver
[38;5;16m[AppiumDriver@99c7][0m Appium v2.5.4 creating new AndroidUiautomator2Driver (v3.5.2) session
[38;5;16m[AppiumDriver@99c7][0m Checking BaseDriver versions for Appium and AndroidUiautomator2Driver
[38;5;16m[AppiumDriver@99c7][0m Appium's BaseDriver version is 9.6.0
[38;5;16m[AppiumDriver@99c7][0m AndroidUiautomator2Driver's BaseDriver version is 9.6.0
[38;5;48m[AndroidUiautomator2Driver@efdc][0m The following provided capabilities were not recognized by this driver:
[38;5;48m[AndroidUiautomator2Driver@efdc][0m   deviceId
[38;5;48m[AndroidUiautomator2Driver@efdc (d23f1ae1)][0m Session created with session id: d23f1ae1-e5f9-4cc8-99b1-9c77c2154dab
[38;5;64m[ADB][0m Found 1 'build-tools' folders under 'C:\Users\dofan\.katalon\tools\android_sdk' (newest first):
[38;5;64m[ADB][0m     C:\Users\dofan\.katalon\tools\android_sdk\build-tools\29.0.3
[38;5;64m[ADB][0m Using 'adb.exe' from 'C:\Users\dofan\.katalon\tools\android_sdk\platform-tools\adb.exe'
[38;5;48m[AndroidUiautomator2Driver@efdc (d23f1ae1)][0m Retrieving device list
[38;5;48m[AndroidUiautomator2Driver@efdc (d23f1ae1)][0m Using device: YH8LLJTCQ4R4PVBQ
[38;5;64m[ADB][0m Using 'adb.exe' from 'C:\Users\dofan\.katalon\tools\android_sdk\platform-tools\adb.exe'
[38;5;32m[BaseDriver][0m Using local app 'D:\Code\Apps\final_project\build\app\outputs\flutter-apk\app-release.apk'
[38;5;64m[ADB][0m Package name: 'com.example.final_project'
[38;5;64m[ADB][0m Main activity name: 'com.example.final_project.MainActivity'
[38;5;64m[ADB][0m Using 'apksigner.jar' from 'C:\Users\dofan\.katalon\tools\android_sdk\build-tools\29.0.3\lib\apksigner.jar'
[38;5;48m[AndroidUiautomator2Driver@efdc (d23f1ae1)][0m Server packages are not going to be (re)installed
[38;5;64m[ADB][0m 'D:\Code\Apps\final_project\build\app\outputs\flutter-apk\app-release.apk' is signed with a non-default certificate
[38;5;64m[ADB][0m Adding packages ["io.appium.settings","io.appium.uiautomator2.server","io.appium.uiautomator2.server.test"] to Doze whitelist
[38;5;64m[ADB][0m The application at 'D:\Code\Apps\final_project\build\app\outputs\flutter-apk\app-release.apk' will not be cached, because the device under test has confirmed the support of streamed installs
[38;5;64m[ADB][0m The installation of 'app-release.apk' took 10099ms
[38;5;48m[AndroidUiautomator2Driver@efdc (d23f1ae1)][0m Starting UIAutomator2 server 7.0.9
[38;5;48m[AndroidUiautomator2Driver@efdc (d23f1ae1)][0m Using UIAutomator2 server from 'C:\Users\dofan\.appium\node_modules\appium-uiautomator2-driver\node_modules\appium-uiautomator2-server\apks\appium-uiautomator2-server-v7.0.9.apk' and test from 'C:\Users\dofan\.appium\node_modules\appium-uiautomator2-driver\node_modules\appium-uiautomator2-server\apks\appium-uiautomator2-server-debug-androidTest.apk'
[38;5;48m[AndroidUiautomator2Driver@efdc (d23f1ae1)][0m Waiting up to 30000ms for UiAutomator2 to be online...
[38;5;48m[AndroidUiautomator2Driver@efdc (d23f1ae1)][0m socket hang up
[38;5;48m[AndroidUiautomator2Driver@efdc (d23f1ae1)][0m socket hang up
[38;5;48m[AndroidUiautomator2Driver@efdc (d23f1ae1)][0m socket hang up
[38;5;48m[AndroidUiautomator2Driver@efdc (d23f1ae1)][0m socket hang up
[38;5;48m[AndroidUiautomator2Driver@efdc (d23f1ae1)][0m socket hang up
[38;5;48m[AndroidUiautomator2Driver@efdc (d23f1ae1)][0m socket hang up
[38;5;48m[AndroidUiautomator2Driver@efdc (d23f1ae1)][0m socket hang up
[38;5;48m[AndroidUiautomator2Driver@efdc (d23f1ae1)][0m socket hang up
[38;5;48m[AndroidUiautomator2Driver@efdc (d23f1ae1)][0m Determined the downstream protocol as 'W3C'
[38;5;48m[AndroidUiautomator2Driver@efdc (d23f1ae1)][0m Screen already unlocked, doing nothing
[38;5;48m[AndroidUiautomator2Driver@efdc (d23f1ae1)][0m Starting 'com.example.final_project/com.example.final_project.MainActivity and waiting for 'com.example.final_project/com.example.final_project.MainActivity'
[38;5;16m[AppiumDriver@99c7][0m New AndroidUiautomator2Driver session created successfully, session d23f1ae1-e5f9-4cc8-99b1-9c77c2154dab added to master session list
[38;5;0m[HTTP][0m [37m<-- POST /wd/hub/session [39m[32m200[39m [90m29846 ms - 1297[39m
[38;5;0m[HTTP][0m [90m[39m
[38;5;0m[HTTP][0m [37m-->[39m [37mGET[39m [37m/wd/hub/session/d23f1ae1-e5f9-4cc8-99b1-9c77c2154dab[39m
[38;5;0m[HTTP][0m [90m{}[39m
[38;5;0m[HTTP][0m [37m<-- GET /wd/hub/session/d23f1ae1-e5f9-4cc8-99b1-9c77c2154dab [39m[32m200[39m [90m55 ms - 396[39m
[38;5;0m[HTTP][0m [90m[39m
[38;5;0m[HTTP][0m [37m-->[39m [37mGET[39m [37m/wd/hub/session/d23f1ae1-e5f9-4cc8-99b1-9c77c2154dab[39m
[38;5;0m[HTTP][0m [90m{}[39m
[38;5;0m[HTTP][0m [37m<-- GET /wd/hub/session/d23f1ae1-e5f9-4cc8-99b1-9c77c2154dab [39m[32m200[39m [90m35 ms - 396[39m
[38;5;0m[HTTP][0m [90m[39m
[38;5;0m[HTTP][0m [37m-->[39m [37mGET[39m [37m/wd/hub/status[39m
[38;5;0m[HTTP][0m [90m{}[39m
[38;5;0m[HTTP][0m [37m<-- GET /wd/hub/status [39m[32m200[39m [90m1 ms - 110[39m
[38;5;0m[HTTP][0m [90m[39m
[38;5;0m[HTTP][0m [37m-->[39m [37mPOST[39m [37m/wd/hub/session/d23f1ae1-e5f9-4cc8-99b1-9c77c2154dab/timeouts[39m
[38;5;0m[HTTP][0m [90m{"implicit":60000}[39m
[38;5;0m[HTTP][0m [37m<-- POST /wd/hub/session/d23f1ae1-e5f9-4cc8-99b1-9c77c2154dab/timeouts [39m[32m200[39m [90m6 ms - 14[39m
[38;5;0m[HTTP][0m [90m[39m
[38;5;0m[HTTP][0m [37m-->[39m [37mGET[39m [37m/wd/hub/session/d23f1ae1-e5f9-4cc8-99b1-9c77c2154dab/source[39m
[38;5;0m[HTTP][0m [90m{}[39m
[38;5;48m[AndroidUiautomator2Driver@efdc (d23f1ae1)][0m Driver proxy active, passing request on via HTTP proxy
[38;5;48m[AndroidUiautomator2Driver@efdc (d23f1ae1)][0m Replacing sessionId 29b17df2-f637-4ace-9dc6-2ee3ab38651c with d23f1ae1-e5f9-4cc8-99b1-9c77c2154dab
[38;5;0m[HTTP][0m [37m<-- GET /wd/hub/session/d23f1ae1-e5f9-4cc8-99b1-9c77c2154dab/source [39m[32m200[39m [90m363 ms - 4974[39m
[38;5;0m[HTTP][0m [90m[39m
[38;5;0m[HTTP][0m [37m-->[39m [37mGET[39m [37m/wd/hub/session/d23f1ae1-e5f9-4cc8-99b1-9c77c2154dab/screenshot[39m
[38;5;0m[HTTP][0m [90m{}[39m
[38;5;0m[HTTP][0m [37m<-- GET /wd/hub/session/d23f1ae1-e5f9-4cc8-99b1-9c77c2154dab/screenshot [39m[32m200[39m [90m1012 ms - 361724[39m
[38;5;0m[HTTP][0m [90m[39m
[38;5;0m[HTTP][0m [37m-->[39m [37mDELETE[39m [37m/wd/hub/session/d23f1ae1-e5f9-4cc8-99b1-9c77c2154dab[39m
[38;5;0m[HTTP][0m [90m{}[39m
[38;5;16m[AppiumDriver@99c7][0m Removing session d23f1ae1-e5f9-4cc8-99b1-9c77c2154dab from our master session list
[38;5;0m[HTTP][0m [37m<-- DELETE /wd/hub/session/d23f1ae1-e5f9-4cc8-99b1-9c77c2154dab [39m[32m200[39m [90m452 ms - 14[39m
[38;5;0m[HTTP][0m [90m[39m
